Using pre-set license
Built from '2021.3/staging' branch; Version is '2021.3.2f1 (d6360bedb9a0) revision 14038539'; Using compiler version '192829333'; Build Type 'Release'
OS: 'Windows 10  (10.0.19045) 64bit Professional' Language: 'en' Physical Memory: 14284 MB
BatchMode: 1, IsHumanControllingUs: 0, StartBugReporterOnCrash: 0, Is64bit: 1, IsPro: 1

COMMAND LINE ARGUMENTS:
C:\Program Files\Unity\Hub\Editor\2021.3.2f1\Editor\Unity.exe
-adb2
-batchMode
-noUpm
-name
AssetImportWorker0
-projectPath
D:/Git Hub Repositories/Blue-Gravity-Studios-Test
-logFile
Logs/AssetImportWorker0.log
-srvPort
50176
Successfully changed project path to: D:/Git Hub Repositories/Blue-Gravity-Studios-Test
D:/Git Hub Repositories/Blue-Gravity-Studios-Test
[UnityMemory] Configuration Parameters - Can be set up in boot.config
    "memorysetup-bucket-allocator-granularity=16"
    "memorysetup-bucket-allocator-bucket-count=8"
    "memorysetup-bucket-allocator-block-size=33554432"
    "memorysetup-bucket-allocator-block-count=8"
    "memorysetup-main-allocator-block-size=16777216"
    "memorysetup-thread-allocator-block-size=16777216"
    "memorysetup-gfx-main-allocator-block-size=16777216"
    "memorysetup-gfx-thread-allocator-block-size=16777216"
    "memorysetup-cache-allocator-block-size=4194304"
    "memorysetup-typetree-allocator-block-size=2097152"
    "memorysetup-profiler-bucket-allocator-granularity=16"
    "memorysetup-profiler-bucket-allocator-bucket-count=8"
    "memorysetup-profiler-bucket-allocator-block-size=33554432"
    "memorysetup-profiler-bucket-allocator-block-count=8"
    "memorysetup-profiler-allocator-block-size=16777216"
    "memorysetup-profiler-editor-allocator-block-size=1048576"
    "memorysetup-temp-allocator-size-main=16777216"
    "memorysetup-job-temp-allocator-block-size=2097152"
    "memorysetup-job-temp-allocator-block-size-background=1048576"
    "memorysetup-job-temp-allocator-reduction-small-platforms=262144"
    "memorysetup-temp-allocator-size-background-worker=32768"
    "memorysetup-temp-allocator-size-job-worker=262144"
    "memorysetup-temp-allocator-size-preload-manager=33554432"
    "memorysetup-temp-allocator-size-nav-mesh-worker=65536"
    "memorysetup-temp-allocator-size-audio-worker=65536"
    "memorysetup-temp-allocator-size-cloud-worker=32768"
    "memorysetup-temp-allocator-size-gi-baking-worker=262144"
    "memorysetup-temp-allocator-size-gfx=262144"
Refreshing native plugins compatible for Editor in 148.85 ms, found 4 plugins.
Preloading 0 native plugins for Editor in 0.00 ms.
Initialize engine version: 2021.3.2f1 (d6360bedb9a0)
[Subsystems] Discovering subsystems at path C:/Program Files/Unity/Hub/Editor/2021.3.2f1/Editor/Data/Resources/UnitySubsystems
[Subsystems] Discovering subsystems at path D:/Git Hub Repositories/Blue-Gravity-Studios-Test/Assets
GfxDevice: creating device client; threaded=0; jobified=0
Direct3D:
    Version:  Direct3D 11.0 [level 11.1]
    Renderer: AMD Radeon(TM) RX Vega 11 Graphics (ID=0x15d8)
    Vendor:   ATI
    VRAM:     7142 MB
    Driver:   31.0.12027.9001
Initialize mono
Mono path[0] = 'C:/Program Files/Unity/Hub/Editor/2021.3.2f1/Editor/Data/Managed'
Mono path[1] = 'C:/Program Files/Unity/Hub/Editor/2021.3.2f1/Editor/Data/MonoBleedingEdge/lib/mono/unityjit-win32'
Mono config path = 'C:/Program Files/Unity/Hub/Editor/2021.3.2f1/Editor/Data/MonoBleedingEdge/etc'
Using monoOptions --debugger-agent=transport=dt_socket,embedding=1,server=y,suspend=n,address=127.0.0.1:56520
Begin MonoManager ReloadAssembly
Registering precompiled unity dll's ...
Register platform support module: C:/Program Files/Unity/Hub/Editor/2021.3.2f1/Editor/Data/PlaybackEngines/WindowsStandaloneSupport/UnityEditor.WindowsStandalone.Extensions.dll
Registered in 0.010439 seconds.
Native extension for WindowsStandalone target not found
Refreshing native plugins compatible for Editor in 133.32 ms, found 4 plugins.
Preloading 0 native plugins for Editor in 0.00 ms.
Mono: successfully reloaded assembly
- Completed reload, in  0.862 seconds
Domain Reload Profiling:
	ReloadAssembly (863ms)
		BeginReloadAssembly (105ms)
			ExecutionOrderSort (0ms)
			DisableScriptedObjects (0ms)
			BackupInstance (0ms)
			ReleaseScriptingObjects (0ms)
			CreateAndSetChildDomain (1ms)
		EndReloadAssembly (609ms)
			LoadAssemblies (102ms)
			RebuildTransferFunctionScriptingTraits (0ms)
			SetupTypeCache (144ms)
			ReleaseScriptCaches (0ms)
			RebuildScriptCaches (34ms)
			SetupLoadedEditorAssemblies (365ms)
				LogAssemblyErrors (0ms)
				InitializePlatformSupportModulesInManaged (9ms)
				SetLoadedEditorAssemblies (0ms)
				RefreshPlugins (133ms)
				BeforeProcessingInitializeOnLoad (2ms)
				ProcessInitializeOnLoadAttributes (160ms)
				ProcessInitializeOnLoadMethodAttributes (60ms)
				AfterProcessingInitializeOnLoad (0ms)
				EditorAssembliesLoaded (0ms)
			ExecutionOrderSort2 (0ms)
			AwakeInstancesAfterBackupRestoration (0ms)
Platform modules already initialized, skipping
Registering precompiled user dll's ...
Registered in 0.006699 seconds.
Begin MonoManager ReloadAssembly
Symbol file LoadedFromMemory doesn't match image D:\Git Hub Repositories\Blue-Gravity-Studios-Test\Library\PackageCache\com.unity.visualscripting@1.7.6\Editor\VisualScripting.Core\Dependencies\YamlDotNet\Unity.VisualScripting.YamlDotNet.dll
Symbol file LoadedFromMemory doesn't match image D:\Git Hub Repositories\Blue-Gravity-Studios-Test\Library\PackageCache\com.unity.visualscripting@1.7.6\Editor\VisualScripting.Core\Dependencies\DotNetZip\Unity.VisualScripting.IonicZip.dll
Native extension for WindowsStandalone target not found
Refreshing native plugins compatible for Editor in 132.65 ms, found 4 plugins.
Preloading 0 native plugins for Editor in 0.00 ms.
Mono: successfully reloaded assembly
- Completed reload, in  1.624 seconds
Domain Reload Profiling:
	ReloadAssembly (1625ms)
		BeginReloadAssembly (154ms)
			ExecutionOrderSort (0ms)
			DisableScriptedObjects (7ms)
			BackupInstance (0ms)
			ReleaseScriptingObjects (0ms)
			CreateAndSetChildDomain (24ms)
		EndReloadAssembly (1319ms)
			LoadAssemblies (129ms)
			RebuildTransferFunctionScriptingTraits (0ms)
			SetupTypeCache (315ms)
			ReleaseScriptCaches (1ms)
			RebuildScriptCaches (82ms)
			SetupLoadedEditorAssemblies (756ms)
				LogAssemblyErrors (0ms)
				InitializePlatformSupportModulesInManaged (6ms)
				SetLoadedEditorAssemblies (0ms)
				RefreshPlugins (133ms)
				BeforeProcessingInitializeOnLoad (152ms)
				ProcessInitializeOnLoadAttributes (400ms)
				ProcessInitializeOnLoadMethodAttributes (54ms)
				AfterProcessingInitializeOnLoad (11ms)
				EditorAssembliesLoaded (0ms)
			ExecutionOrderSort2 (0ms)
			AwakeInstancesAfterBackupRestoration (6ms)
Platform modules already initialized, skipping
========================================================================
Worker process is ready to serve import requests
Launched and connected shader compiler UnityShaderCompiler.exe after 0.05 seconds
Refreshing native plugins compatible for Editor in 1.95 ms, found 4 plugins.
Preloading 0 native plugins for Editor in 0.00 ms.
Unloading 4549 Unused Serialized files (Serialized files now loaded: 0)
Unloading 59 unused Assets / (271.5 KB). Loaded Objects now: 5017.
Memory consumption went from 170.6 MB to 170.4 MB.
Total: 4.858000 ms (FindLiveObjects: 0.526900 ms CreateObjectMapping: 0.186800 ms MarkObjects: 3.907700 ms  DeleteObjects: 0.235200 ms)

AssetImportParameters requested are different than current active one (requested -> active):
  custom:video-decoder-ogg-theora: a1e56fd34408186e4bbccfd4996cb3dc -> 
  custom:container-muxer-webm: aa71ff27fc2769a1b78a27578f13a17b -> 
  custom:container-demuxer-webm: 4f35f7cbe854078d1ac9338744f61a02 -> 
  custom:video-encoder-webm-vp8: eb34c28f22e8b96e1ab97ce403110664 -> 
  custom:audio-encoder-webm-vorbis: bf7c407c2cedff20999df2af8eb42d56 -> 
  custom:framework-win-MediaFoundation: 216162199b28c13a410421893ffa2e32 -> 
  custom:container-demuxer-ogg: 62fdf1f143b41e24485cea50d1cbac27 -> 
  custom:video-decoder-webm-vp8: 9c59270c3fd7afecdb556c50c9e8de78 -> 
  custom:audio-decoder-ogg-vorbis: bf7c407c2cedff20999df2af8eb42d56 -> 
========================================================================
Received Import Request.
  Time since last request: 107543.088363 seconds.
  path: Assets/7. Animations/Animators/Player_Fabrizio/AC_Player.controller
  artifactKey: Guid(9b185f7b00389eb4aaacda7239d1f2d8) Importer(815301076,1909f56bfc062723c751e8b465ee728b)
Start importing Assets/7. Animations/Animators/Player_Fabrizio/AC_Player.controller using Guid(9b185f7b00389eb4aaacda7239d1f2d8) Importer(815301076,1909f56bfc062723c751e8b465ee728b)  -> (artifact id: '1cec66ff3ba2eb3b74305aff1cbb24bb') in 0.062418 seconds 
========================================================================
Received Import Request.
  Time since last request: 159.500394 seconds.
  path: Assets/2. Scripts/Controller_Player.cs
  artifactKey: Guid(8ee3dc2a319c118499a5e4668541d9c9) Importer(815301076,1909f56bfc062723c751e8b465ee728b)
Start importing Assets/2. Scripts/Controller_Player.cs using Guid(8ee3dc2a319c118499a5e4668541d9c9) Importer(815301076,1909f56bfc062723c751e8b465ee728b)  -> (artifact id: '7fbd742fe616e5a08703ce3459bdfb63') in 0.007491 seconds 
========================================================================
Received Import Request.
  Time since last request: 204.527183 seconds.
  path: Assets/4. Imports/art-main/character green.png
  artifactKey: Guid(3585fbb5e35faa14ea84943072c18166) Importer(815301076,1909f56bfc062723c751e8b465ee728b)
Start importing Assets/4. Imports/art-main/character green.png using Guid(3585fbb5e35faa14ea84943072c18166) Importer(815301076,1909f56bfc062723c751e8b465ee728b)  -> (artifact id: '9f168b29e0e62d49af19b11085cee527') in 0.127847 seconds 
========================================================================
Received Import Request.
  Time since last request: 6.351964 seconds.
  path: Assets/4. Imports/art-main/Orange kid.ttf
  artifactKey: Guid(36e29ed8f00072141ac56daa04975cf2) Importer(815301076,1909f56bfc062723c751e8b465ee728b)
Start importing Assets/4. Imports/art-main/Orange kid.ttf using Guid(36e29ed8f00072141ac56daa04975cf2) Importer(815301076,1909f56bfc062723c751e8b465ee728b)  -> (artifact id: 'baf59d6b6be50b850c065c51d042606d') in 0.070431 seconds 
========================================================================
Received Import Request.
  Time since last request: 122.737807 seconds.
  path: Assets/5. Art/Characters/NPC_Pablo
  artifactKey: Guid(0f51c05c454a51a47bf4b9f6c49cafe5) Importer(815301076,1909f56bfc062723c751e8b465ee728b)
Start importing Assets/5. Art/Characters/NPC_Pablo using Guid(0f51c05c454a51a47bf4b9f6c49cafe5) Importer(815301076,1909f56bfc062723c751e8b465ee728b)  -> (artifact id: '15a9c7aa329990f1dcbc808581033db9') in 0.014136 seconds 
========================================================================
Received Import Request.
  Time since last request: 32.588593 seconds.
  path: Assets/4. Imports/art-main/character blue.png
  artifactKey: Guid(0a3dc8de1c5df4d42b10acc68ca4f4b6) Importer(815301076,1909f56bfc062723c751e8b465ee728b)
Start importing Assets/4. Imports/art-main/character blue.png using Guid(0a3dc8de1c5df4d42b10acc68ca4f4b6) Importer(815301076,1909f56bfc062723c751e8b465ee728b)  -> (artifact id: '9586b2936c50d106c82cb671eb2caa29') in 0.017071 seconds 
========================================================================
Received Import Request.
  Time since last request: 33.881607 seconds.
  path: Assets/4. Imports/art-main/character blue.png
  artifactKey: Guid(0a3dc8de1c5df4d42b10acc68ca4f4b6) Importer(815301076,1909f56bfc062723c751e8b465ee728b)
Start importing Assets/4. Imports/art-main/character blue.png using Guid(0a3dc8de1c5df4d42b10acc68ca4f4b6) Importer(815301076,1909f56bfc062723c751e8b465ee728b)  -> (artifact id: '18ecdf3bc009cd44165f3797da148293') in 0.282914 seconds 
========================================================================
Received Import Request.
  Time since last request: 655.902125 seconds.
  path: ProjectSettings/TagManager.asset
  artifactKey: Guid(00000000000000003000000000000000) Importer(815301076,1909f56bfc062723c751e8b465ee728b)
Start importing ProjectSettings/TagManager.asset using Guid(00000000000000003000000000000000) Importer(815301076,1909f56bfc062723c751e8b465ee728b)  -> (artifact id: '49103ddb131dee35ba8759c97ba2dd04') in 0.016886 seconds 
========================================================================
Received Import Request.
  Time since last request: 399.554568 seconds.
  path: Assets/4. Imports/Modern tiles_Free/Interiors_free/16x16/Interiors_free_16x16.png
  artifactKey: Guid(7bd4bba921e6a554db6cb8a8283d4a94) Importer(815301076,1909f56bfc062723c751e8b465ee728b)
Start importing Assets/4. Imports/Modern tiles_Free/Interiors_free/16x16/Interiors_free_16x16.png using Guid(7bd4bba921e6a554db6cb8a8283d4a94) Importer(815301076,1909f56bfc062723c751e8b465ee728b)  -> (artifact id: '66da150629f2b81516d306274f9fb8d5') in 0.109872 seconds 
========================================================================
Received Import Request.
  Time since last request: 28.557942 seconds.
  path: Assets/4. Imports/Modern tiles_Free/Interiors_free/16x16/Interiors_free_16x16.png
  artifactKey: Guid(7bd4bba921e6a554db6cb8a8283d4a94) Importer(815301076,1909f56bfc062723c751e8b465ee728b)
Start importing Assets/4. Imports/Modern tiles_Free/Interiors_free/16x16/Interiors_free_16x16.png using Guid(7bd4bba921e6a554db6cb8a8283d4a94) Importer(815301076,1909f56bfc062723c751e8b465ee728b)  -> (artifact id: 'b159b7ea3080a053f53fe94225ee8e42') in 0.017763 seconds 
========================================================================
Received Import Request.
  Time since last request: 73.158912 seconds.
  path: Assets/4. Imports/Modern tiles_Free/Interiors_free/16x16/Interiors_free_16x16.png
  artifactKey: Guid(7bd4bba921e6a554db6cb8a8283d4a94) Importer(815301076,1909f56bfc062723c751e8b465ee728b)
Start importing Assets/4. Imports/Modern tiles_Free/Interiors_free/16x16/Interiors_free_16x16.png using Guid(7bd4bba921e6a554db6cb8a8283d4a94) Importer(815301076,1909f56bfc062723c751e8b465ee728b)  -> (artifact id: '350c901556cd472f5a0d55d91e7ca2b9') in 0.028856 seconds 
========================================================================
Received Import Request.
  Time since last request: 740.490371 seconds.
  path: Assets/3. Prefabs/2D Origin Player.prefab
  artifactKey: Guid(b323e5fc8456fed4c902db7f0ad94b70) Importer(815301076,1909f56bfc062723c751e8b465ee728b)
Start importing Assets/3. Prefabs/2D Origin Player.prefab using Guid(b323e5fc8456fed4c902db7f0ad94b70) Importer(815301076,1909f56bfc062723c751e8b465ee728b)  -> (artifact id: '9f25a7340b3eb540bc6f408bb0041966') in 0.059752 seconds 
========================================================================
Received Import Request.
  Time since last request: 4146.524519 seconds.
  path: Assets/3. Prefabs/2D Origin Player.prefab
  artifactKey: Guid(b323e5fc8456fed4c902db7f0ad94b70) Importer(815301076,1909f56bfc062723c751e8b465ee728b)
Start importing Assets/3. Prefabs/2D Origin Player.prefab using Guid(b323e5fc8456fed4c902db7f0ad94b70) Importer(815301076,1909f56bfc062723c751e8b465ee728b)  -> (artifact id: '7eb0dc9326f9e9bac25f4d7e24a12193') in 0.111116 seconds 
========================================================================
Received Prepare
Registering precompiled user dll's ...
Registered in 0.018667 seconds.
Begin MonoManager ReloadAssembly
Symbol file LoadedFromMemory doesn't match image D:\Git Hub Repositories\Blue-Gravity-Studios-Test\Library\PackageCache\com.unity.visualscripting@1.7.6\Editor\VisualScripting.Core\Dependencies\YamlDotNet\Unity.VisualScripting.YamlDotNet.dll
Symbol file LoadedFromMemory doesn't match image D:\Git Hub Repositories\Blue-Gravity-Studios-Test\Library\PackageCache\com.unity.visualscripting@1.7.6\Editor\VisualScripting.Core\Dependencies\DotNetZip\Unity.VisualScripting.IonicZip.dll
Native extension for WindowsStandalone target not found
Refreshing native plugins compatible for Editor in 1.19 ms, found 4 plugins.
Preloading 0 native plugins for Editor in 0.00 ms.
Mono: successfully reloaded assembly
- Completed reload, in  2.317 seconds
Domain Reload Profiling:
	ReloadAssembly (2318ms)
		BeginReloadAssembly (390ms)
			ExecutionOrderSort (0ms)
			DisableScriptedObjects (18ms)
			BackupInstance (0ms)
			ReleaseScriptingObjects (0ms)
			CreateAndSetChildDomain (128ms)
		EndReloadAssembly (1761ms)
			LoadAssemblies (226ms)
			RebuildTransferFunctionScriptingTraits (0ms)
			SetupTypeCache (871ms)
			ReleaseScriptCaches (2ms)
			RebuildScriptCaches (107ms)
			SetupLoadedEditorAssemblies (572ms)
				LogAssemblyErrors (0ms)
				InitializePlatformSupportModulesInManaged (17ms)
				SetLoadedEditorAssemblies (1ms)
				RefreshPlugins (1ms)
				BeforeProcessingInitializeOnLoad (96ms)
				ProcessInitializeOnLoadAttributes (398ms)
				ProcessInitializeOnLoadMethodAttributes (47ms)
				AfterProcessingInitializeOnLoad (11ms)
				EditorAssembliesLoaded (0ms)
			ExecutionOrderSort2 (0ms)
			AwakeInstancesAfterBackupRestoration (9ms)
Platform modules already initialized, skipping
Refreshing native plugins compatible for Editor in 3.01 ms, found 4 plugins.
Preloading 0 native plugins for Editor in 0.00 ms.
Unloading 4544 Unused Serialized files (Serialized files now loaded: 0)
Unloading 34 unused Assets / (263.9 KB). Loaded Objects now: 5088.
Memory consumption went from 175.3 MB to 175.0 MB.
Total: 5.159800 ms (FindLiveObjects: 0.457700 ms CreateObjectMapping: 0.166600 ms MarkObjects: 4.320900 ms  DeleteObjects: 0.212300 ms)

AssetImportParameters requested are different than current active one (requested -> active):
  custom:video-decoder-ogg-theora: a1e56fd34408186e4bbccfd4996cb3dc -> 
  custom:container-muxer-webm: aa71ff27fc2769a1b78a27578f13a17b -> 
  custom:container-demuxer-webm: 4f35f7cbe854078d1ac9338744f61a02 -> 
  custom:video-encoder-webm-vp8: eb34c28f22e8b96e1ab97ce403110664 -> 
  custom:audio-encoder-webm-vorbis: bf7c407c2cedff20999df2af8eb42d56 -> 
  custom:framework-win-MediaFoundation: 216162199b28c13a410421893ffa2e32 -> 
  custom:container-demuxer-ogg: 62fdf1f143b41e24485cea50d1cbac27 -> 
  custom:video-decoder-webm-vp8: 9c59270c3fd7afecdb556c50c9e8de78 -> 
  custom:audio-decoder-ogg-vorbis: bf7c407c2cedff20999df2af8eb42d56 -> 
========================================================================
Received Import Request.
  Time since last request: 275.959953 seconds.
  path: Assets/3. Prefabs/2D Origin Player.prefab
  artifactKey: Guid(b323e5fc8456fed4c902db7f0ad94b70) Importer(815301076,1909f56bfc062723c751e8b465ee728b)
Start importing Assets/3. Prefabs/2D Origin Player.prefab using Guid(b323e5fc8456fed4c902db7f0ad94b70) Importer(815301076,1909f56bfc062723c751e8b465ee728b)  -> (artifact id: '9b12f0115b2b278245a55f30c6d8b612') in 0.110958 seconds 
========================================================================
Received Prepare
Registering precompiled user dll's ...
Registered in 0.006568 seconds.
Begin MonoManager ReloadAssembly
Symbol file LoadedFromMemory doesn't match image D:\Git Hub Repositories\Blue-Gravity-Studios-Test\Library\PackageCache\com.unity.visualscripting@1.7.6\Editor\VisualScripting.Core\Dependencies\YamlDotNet\Unity.VisualScripting.YamlDotNet.dll
Symbol file LoadedFromMemory doesn't match image D:\Git Hub Repositories\Blue-Gravity-Studios-Test\Library\PackageCache\com.unity.visualscripting@1.7.6\Editor\VisualScripting.Core\Dependencies\DotNetZip\Unity.VisualScripting.IonicZip.dll
Native extension for WindowsStandalone target not found
Refreshing native plugins compatible for Editor in 1.18 ms, found 4 plugins.
Preloading 0 native plugins for Editor in 0.00 ms.
Mono: successfully reloaded assembly
- Completed reload, in  1.632 seconds
Domain Reload Profiling:
	ReloadAssembly (1633ms)
		BeginReloadAssembly (230ms)
			ExecutionOrderSort (0ms)
			DisableScriptedObjects (11ms)
			BackupInstance (0ms)
			ReleaseScriptingObjects (0ms)
			CreateAndSetChildDomain (63ms)
		EndReloadAssembly (1246ms)
			LoadAssemblies (159ms)
			RebuildTransferFunctionScriptingTraits (0ms)
			SetupTypeCache (377ms)
			ReleaseScriptCaches (2ms)
			RebuildScriptCaches (82ms)
			SetupLoadedEditorAssemblies (560ms)
				LogAssemblyErrors (0ms)
				InitializePlatformSupportModulesInManaged (16ms)
				SetLoadedEditorAssemblies (1ms)
				RefreshPlugins (1ms)
				BeforeProcessingInitializeOnLoad (89ms)
				ProcessInitializeOnLoadAttributes (380ms)
				ProcessInitializeOnLoadMethodAttributes (58ms)
				AfterProcessingInitializeOnLoad (14ms)
				EditorAssembliesLoaded (0ms)
			ExecutionOrderSort2 (0ms)
			AwakeInstancesAfterBackupRestoration (13ms)
Platform modules already initialized, skipping
Refreshing native plugins compatible for Editor in 3.66 ms, found 4 plugins.
Preloading 0 native plugins for Editor in 0.00 ms.
Unloading 4544 Unused Serialized files (Serialized files now loaded: 0)
Unloading 33 unused Assets / (264.1 KB). Loaded Objects now: 5103.
Memory consumption went from 175.3 MB to 175.1 MB.
Total: 4.644600 ms (FindLiveObjects: 0.424600 ms CreateObjectMapping: 0.125100 ms MarkObjects: 3.892200 ms  DeleteObjects: 0.201200 ms)

AssetImportParameters requested are different than current active one (requested -> active):
  custom:video-decoder-ogg-theora: a1e56fd34408186e4bbccfd4996cb3dc -> 
  custom:container-muxer-webm: aa71ff27fc2769a1b78a27578f13a17b -> 
  custom:container-demuxer-webm: 4f35f7cbe854078d1ac9338744f61a02 -> 
  custom:video-encoder-webm-vp8: eb34c28f22e8b96e1ab97ce403110664 -> 
  custom:audio-encoder-webm-vorbis: bf7c407c2cedff20999df2af8eb42d56 -> 
  custom:framework-win-MediaFoundation: 216162199b28c13a410421893ffa2e32 -> 
  custom:container-demuxer-ogg: 62fdf1f143b41e24485cea50d1cbac27 -> 
  custom:video-decoder-webm-vp8: 9c59270c3fd7afecdb556c50c9e8de78 -> 
  custom:audio-decoder-ogg-vorbis: bf7c407c2cedff20999df2af8eb42d56 -> 
========================================================================
Received Import Request.
  Time since last request: 343.473819 seconds.
  path: Assets/3. Prefabs/2D Origin Player.prefab
  artifactKey: Guid(b323e5fc8456fed4c902db7f0ad94b70) Importer(815301076,1909f56bfc062723c751e8b465ee728b)
Start importing Assets/3. Prefabs/2D Origin Player.prefab using Guid(b323e5fc8456fed4c902db7f0ad94b70) Importer(815301076,1909f56bfc062723c751e8b465ee728b)  -> (artifact id: '7dfcaab7b68a6879f668e7929d1bcd7b') in 0.100444 seconds 
========================================================================
Received Prepare
Registering precompiled user dll's ...
Registered in 0.009126 seconds.
Begin MonoManager ReloadAssembly
Symbol file LoadedFromMemory doesn't match image D:\Git Hub Repositories\Blue-Gravity-Studios-Test\Library\PackageCache\com.unity.visualscripting@1.7.6\Editor\VisualScripting.Core\Dependencies\YamlDotNet\Unity.VisualScripting.YamlDotNet.dll
Symbol file LoadedFromMemory doesn't match image D:\Git Hub Repositories\Blue-Gravity-Studios-Test\Library\PackageCache\com.unity.visualscripting@1.7.6\Editor\VisualScripting.Core\Dependencies\DotNetZip\Unity.VisualScripting.IonicZip.dll
Native extension for WindowsStandalone target not found
Refreshing native plugins compatible for Editor in 1.14 ms, found 4 plugins.
Preloading 0 native plugins for Editor in 0.00 ms.
Mono: successfully reloaded assembly
- Completed reload, in  1.615 seconds
Domain Reload Profiling:
	ReloadAssembly (1616ms)
		BeginReloadAssembly (192ms)
			ExecutionOrderSort (0ms)
			DisableScriptedObjects (7ms)
			BackupInstance (0ms)
			ReleaseScriptingObjects (0ms)
			CreateAndSetChildDomain (50ms)
		EndReloadAssembly (1301ms)
			LoadAssemblies (133ms)
			RebuildTransferFunctionScriptingTraits (0ms)
			SetupTypeCache (339ms)
			ReleaseScriptCaches (2ms)
			RebuildScriptCaches (78ms)
			SetupLoadedEditorAssemblies (674ms)
				LogAssemblyErrors (0ms)
				InitializePlatformSupportModulesInManaged (19ms)
				SetLoadedEditorAssemblies (1ms)
				RefreshPlugins (1ms)
				BeforeProcessingInitializeOnLoad (90ms)
				ProcessInitializeOnLoadAttributes (478ms)
				ProcessInitializeOnLoadMethodAttributes (70ms)
				AfterProcessingInitializeOnLoad (15ms)
				EditorAssembliesLoaded (1ms)
			ExecutionOrderSort2 (0ms)
			AwakeInstancesAfterBackupRestoration (14ms)
Platform modules already initialized, skipping
Refreshing native plugins compatible for Editor in 3.05 ms, found 4 plugins.
Preloading 0 native plugins for Editor in 0.00 ms.
Unloading 4544 Unused Serialized files (Serialized files now loaded: 0)
Unloading 33 unused Assets / (264.3 KB). Loaded Objects now: 5118.
Memory consumption went from 175.3 MB to 175.1 MB.
Total: 4.397300 ms (FindLiveObjects: 0.448400 ms CreateObjectMapping: 0.137800 ms MarkObjects: 3.603600 ms  DeleteObjects: 0.205800 ms)

AssetImportParameters requested are different than current active one (requested -> active):
  custom:video-decoder-ogg-theora: a1e56fd34408186e4bbccfd4996cb3dc -> 
  custom:container-muxer-webm: aa71ff27fc2769a1b78a27578f13a17b -> 
  custom:container-demuxer-webm: 4f35f7cbe854078d1ac9338744f61a02 -> 
  custom:video-encoder-webm-vp8: eb34c28f22e8b96e1ab97ce403110664 -> 
  custom:audio-encoder-webm-vorbis: bf7c407c2cedff20999df2af8eb42d56 -> 
  custom:framework-win-MediaFoundation: 216162199b28c13a410421893ffa2e32 -> 
  custom:container-demuxer-ogg: 62fdf1f143b41e24485cea50d1cbac27 -> 
  custom:video-decoder-webm-vp8: 9c59270c3fd7afecdb556c50c9e8de78 -> 
  custom:audio-decoder-ogg-vorbis: bf7c407c2cedff20999df2af8eb42d56 -> 
